2025-05-06T04:35:10.794+03:00  INFO 10468 --- [user-service] [restartedMain] c.c.user_service.UserServiceApplication  : Starting UserServiceApplication using Java 21.0.5 with PID 10468 (F:\projects level3\SE2\course-feedback-system\course-feedback-system\user-service\target\classes started by khaled in F:\projects level3\SE2\course-feedback-system\course-feedback-system\user-service)
2025-05-06T04:35:10.804+03:00  INFO 10468 --- [user-service] [restartedMain] c.c.user_service.UserServiceApplication  : No active profile set, falling back to 1 default profile: "default"
2025-05-06T04:35:10.842+03:00  INFO 10468 --- [user-service] [restartedMain] .e.DevToolsPropertyDefaultsPostProcessor : Devtools property defaults active! Set 'spring.devtools.add-properties' to 'false' to disable
2025-05-06T04:35:10.843+03:00  INFO 10468 --- [user-service] [restartedMain] .e.DevToolsPropertyDefaultsPostProcessor : For additional web related logging consider setting the 'logging.level.web' property to 'DEBUG'
2025-05-06T04:35:11.606+03:00  INFO 10468 --- [user-service] [restartedMain] .s.d.r.c.RepositoryConfigurationDelegate : Bootstrapping Spring Data JPA repositories in DEFAULT mode.
2025-05-06T04:35:11.714+03:00  INFO 10468 --- [user-service] [restartedMain] .s.d.r.c.RepositoryConfigurationDelegate : Finished Spring Data repository scanning in 102 ms. Found 1 JPA repository interface.
2025-05-06T04:35:11.884+03:00  INFO 10468 --- [user-service] [restartedMain] o.s.cloud.context.scope.GenericScope     : BeanFactory id=599c6a7b-58e6-3055-b79d-7f2120fc75ee
2025-05-06T04:35:12.115+03:00  WARN 10468 --- [user-service] [restartedMain] trationDelegate$BeanPostProcessorChecker : Bean 'org.springframework.cloud.client.loadbalancer.LoadBalancerAutoConfiguration$DeferringLoadBalancerInterceptorConfig' of type [org.springframework.cloud.client.loadbalancer.LoadBalancerAutoConfiguration$DeferringLoadBalancerInterceptorConfig] is not eligible for getting processed by all BeanPostProcessors (for example: not eligible for auto-proxying). The currently created BeanPostProcessor [lbRestClientPostProcessor] is declared through a non-static factory method on that class; consider declaring it as static instead.
2025-05-06T04:35:12.118+03:00  WARN 10468 --- [user-service] [restartedMain] trationDelegate$BeanPostProcessorChecker : Bean 'deferringLoadBalancerInterceptor' of type [org.springframework.cloud.client.loadbalancer.DeferringLoadBalancerInterceptor] is not eligible for getting processed by all BeanPostProcessors (for example: not eligible for auto-proxying). Is this bean getting eagerly injected into a currently created BeanPostProcessor [lbRestClientPostProcessor]? Check the corresponding BeanPostProcessor declaration and its dependencies.
2025-05-06T04:35:12.470+03:00  INFO 10468 --- [user-service] [restartedMain] o.s.b.w.embedded.tomcat.TomcatWebServer  : Tomcat initialized with port 8081 (http)
2025-05-06T04:35:12.482+03:00  INFO 10468 --- [user-service] [restartedMain] o.apache.catalina.core.StandardService   : Starting service [Tomcat]
2025-05-06T04:35:12.482+03:00  INFO 10468 --- [user-service] [restartedMain] o.apache.catalina.core.StandardEngine    : Starting Servlet engine: [Apache Tomcat/10.1.24]
2025-05-06T04:35:12.527+03:00  INFO 10468 --- [user-service] [restartedMain] o.a.c.c.C.[Tomcat].[localhost].[/]       : Initializing Spring embedded WebApplicationContext
2025-05-06T04:35:12.528+03:00  INFO 10468 --- [user-service] [restartedMain] w.s.c.ServletWebServerApplicationContext : Root WebApplicationContext: initialization completed in 1684 ms
2025-05-06T04:35:12.827+03:00  INFO 10468 --- [user-service] [restartedMain] o.hibernate.jpa.internal.util.LogHelper  : HHH000204: Processing PersistenceUnitInfo [name: default]
2025-05-06T04:35:12.867+03:00  INFO 10468 --- [user-service] [restartedMain] org.hibernate.Version                    : HHH000412: Hibernate ORM core version 6.5.2.Final
2025-05-06T04:35:12.888+03:00  INFO 10468 --- [user-service] [restartedMain] o.h.c.internal.RegionFactoryInitiator    : HHH000026: Second-level cache disabled
2025-05-06T04:35:13.091+03:00  INFO 10468 --- [user-service] [restartedMain] o.s.o.j.p.SpringPersistenceUnitInfo      : No LoadTimeWeaver setup: ignoring JPA class transformer
2025-05-06T04:35:13.111+03:00  INFO 10468 --- [user-service] [restartedMain] com.zaxxer.hikari.HikariDataSource       : HikariPool-1 - Starting...
2025-05-06T04:35:13.345+03:00  INFO 10468 --- [user-service] [restartedMain] com.zaxxer.hikari.pool.HikariPool        : HikariPool-1 - Added connection com.mysql.cj.jdbc.ConnectionImpl@49d19fcd
2025-05-06T04:35:13.347+03:00  INFO 10468 --- [user-service] [restartedMain] com.zaxxer.hikari.HikariDataSource       : HikariPool-1 - Start completed.
2025-05-06T04:35:13.383+03:00  WARN 10468 --- [user-service] [restartedMain] org.hibernate.orm.deprecation            : HHH90000025: MySQL8Dialect does not need to be specified explicitly using 'hibernate.dialect' (remove the property setting and it will be selected by default)
2025-05-06T04:35:13.384+03:00  WARN 10468 --- [user-service] [restartedMain] org.hibernate.orm.deprecation            : HHH90000026: MySQL8Dialect has been deprecated; use org.hibernate.dialect.MySQLDialect instead
2025-05-06T04:35:14.136+03:00  INFO 10468 --- [user-service] [restartedMain] o.h.e.t.j.p.i.JtaPlatformInitiator       : HHH000489: No JTA platform available (set 'hibernate.transaction.jta.platform' to enable JTA platform integration)
2025-05-06T04:35:14.227+03:00  INFO 10468 --- [user-service] [restartedMain] j.LocalContainerEntityManagerFactoryBean : Initialized JPA EntityManagerFactory for persistence unit 'default'
2025-05-06T04:35:14.466+03:00  WARN 10468 --- [user-service] [restartedMain] JpaBaseConfiguration$JpaWebConfiguration : spring.jpa.open-in-view is enabled by default. Therefore, database queries may be performed during view rendering. Explicitly configure spring.jpa.open-in-view to disable this warning
2025-05-06T04:35:14.738+03:00  WARN 10468 --- [user-service] [restartedMain] ion$DefaultTemplateResolverConfiguration : Cannot find template location: classpath:/templates/ (please add some templates, check your Thymeleaf configuration, or set spring.thymeleaf.check-template-location=false)
2025-05-06T04:35:15.285+03:00  WARN 10468 --- [user-service] [restartedMain] o.s.b.d.a.OptionalLiveReloadServer       : Unable to start LiveReload server
2025-05-06T04:35:15.328+03:00  INFO 10468 --- [user-service] [restartedMain] DiscoveryClientOptionalArgsConfiguration : Eureka HTTP Client uses RestTemplate.
2025-05-06T04:35:15.374+03:00  WARN 10468 --- [user-service] [restartedMain] iguration$LoadBalancerCaffeineWarnLogger : Spring Cloud LoadBalancer is currently working with the default cache. While this cache implementation is useful for development and tests, it's recommended to use Caffeine cache in production.You can switch to using Caffeine cache, by adding it and org.springframework.cache.caffeine.CaffeineCacheManager to the classpath.
2025-05-06T04:35:15.383+03:00  INFO 10468 --- [user-service] [restartedMain] o.s.b.a.e.web.EndpointLinksResolver      : Exposing 19 endpoints beneath base path '/actuator'
2025-05-06T04:35:15.447+03:00  INFO 10468 --- [user-service] [restartedMain] o.s.c.n.eureka.InstanceInfoFactory       : Setting initial instance status as: STARTING
2025-05-06T04:35:15.542+03:00  INFO 10468 --- [user-service] [restartedMain] com.netflix.discovery.DiscoveryClient    : Initializing Eureka in region us-east-1
2025-05-06T04:35:15.548+03:00  INFO 10468 --- [user-service] [restartedMain] c.n.d.s.r.aws.ConfigClusterResolver      : Resolving eureka endpoints via configuration
2025-05-06T04:35:15.570+03:00  INFO 10468 --- [user-service] [restartedMain] com.netflix.discovery.DiscoveryClient    : Disable delta property : false
2025-05-06T04:35:15.571+03:00  INFO 10468 --- [user-service] [restartedMain] com.netflix.discovery.DiscoveryClient    : Single vip registry refresh property : null
2025-05-06T04:35:15.571+03:00  INFO 10468 --- [user-service] [restartedMain] com.netflix.discovery.DiscoveryClient    : Force full registry fetch : false
2025-05-06T04:35:15.572+03:00  INFO 10468 --- [user-service] [restartedMain] com.netflix.discovery.DiscoveryClient    : Application is null : false
2025-05-06T04:35:15.572+03:00  INFO 10468 --- [user-service] [restartedMain] com.netflix.discovery.DiscoveryClient    : Registered Applications size is zero : true
2025-05-06T04:35:15.572+03:00  INFO 10468 --- [user-service] [restartedMain] com.netflix.discovery.DiscoveryClient    : Application version is -1: true
2025-05-06T04:35:15.573+03:00  INFO 10468 --- [user-service] [restartedMain] com.netflix.discovery.DiscoveryClient    : Getting all instance registry info from the eureka server
2025-05-06T04:35:15.884+03:00  INFO 10468 --- [user-service] [restartedMain] com.netflix.discovery.DiscoveryClient    : The response status is 200
2025-05-06T04:35:15.887+03:00  INFO 10468 --- [user-service] [restartedMain] com.netflix.discovery.DiscoveryClient    : Starting heartbeat executor: renew interval is: 30
2025-05-06T04:35:15.890+03:00  INFO 10468 --- [user-service] [restartedMain] c.n.discovery.InstanceInfoReplicator     : InstanceInfoReplicator onDemand update allowed rate per min is 4
2025-05-06T04:35:15.894+03:00  INFO 10468 --- [user-service] [restartedMain] com.netflix.discovery.DiscoveryClient    : Discovery Client initialized at timestamp 1746495315894 with initial instances count: 1
2025-05-06T04:35:15.899+03:00  INFO 10468 --- [user-service] [restartedMain] o.s.c.n.e.s.EurekaServiceRegistry        : Registering application USER-SERVICE with eureka with status UP
2025-05-06T04:35:15.900+03:00  INFO 10468 --- [user-service] [restartedMain] com.netflix.discovery.DiscoveryClient    : Saw local status change event StatusChangeEvent [timestamp=1746495315900, current=UP, previous=STARTING]
2025-05-06T04:35:15.902+03:00  INFO 10468 --- [user-service] [DiscoveryClient-InstanceInfoReplicator-0] com.netflix.discovery.DiscoveryClient    : DiscoveryClient_USER-SERVICE/DESKTOP-SHQGKFR:user-service:8081: registering service...
2025-05-06T04:35:15.916+03:00  INFO 10468 --- [user-service] [restartedMain] o.s.b.w.embedded.tomcat.TomcatWebServer  : Tomcat started on port 8081 (http) with context path '/'
2025-05-06T04:35:15.917+03:00  INFO 10468 --- [user-service] [restartedMain] .s.c.n.e.s.EurekaAutoServiceRegistration : Updating port to 8081
2025-05-06T04:35:15.937+03:00  INFO 10468 --- [user-service] [DiscoveryClient-InstanceInfoReplicator-0] com.netflix.discovery.DiscoveryClient    : DiscoveryClient_USER-SERVICE/DESKTOP-SHQGKFR:user-service:8081 - registration status: 204
2025-05-06T04:35:15.945+03:00  INFO 10468 --- [user-service] [restartedMain] c.c.user_service.UserServiceApplication  : Started UserServiceApplication in 5.503 seconds (process running for 5.899)
2025-05-06T04:35:54.644+03:00  INFO 10468 --- [user-service] [http-nio-8081-exec-1] o.a.c.c.C.[Tomcat].[localhost].[/]       : Initializing Spring DispatcherServlet 'dispatcherServlet'
2025-05-06T04:35:54.644+03:00  INFO 10468 --- [user-service] [http-nio-8081-exec-1] o.s.web.servlet.DispatcherServlet        : Initializing Servlet 'dispatcherServlet'
2025-05-06T04:35:54.646+03:00  INFO 10468 --- [user-service] [http-nio-8081-exec-1] o.s.web.servlet.DispatcherServlet        : Completed initialization in 1 ms
